<?xml version="1.0" encoding="UTF-8"?>
<testng-results ignored="0" total="1" passed="1" failed="0" skipped="0">
  <reporter-output>
  </reporter-output>
  <suite started-at="2022-09-05T10:34:19 IST" name="Default suite" finished-at="2022-09-05T10:34:41 IST" duration-ms="22416">
    <groups>
      <group name="cucumber">
        <method signature="AbstractTestNGCucumberTests.runScenario(io.cucumber.testng.PickleWrapper,io.cucumber.testng.FeatureWrapper)[pri:0, instance:CucumberOptions.TestRunnerTestNg@58cbafc2]" name="runScenario" class="io.cucumber.testng.AbstractTestNGCucumberTests"/>
      </group> <!-- cucumber -->
    </groups>
    <test started-at="2022-09-05T10:34:19 IST" name="Default test" finished-at="2022-09-05T10:34:41 IST" duration-ms="22416">
      <class name="CucumberOptions.TestRunnerTestNg">
        <test-method is-config="true" signature="setUpClass(org.testng.ITestContext)[pri:0, instance:CucumberOptions.TestRunnerTestNg@58cbafc2]" started-at="2022-09-05T10:34:19 IST" name="setUpClass" finished-at="2022-09-05T10:34:19 IST" duration-ms="404" status="PASS">
          <params>
            <param index="0">
              <value>
                <![CDATA[org.testng.TestRunner@328d044f]]>
              </value>
            </param>
          </params>
          <reporter-output>
          </reporter-output>
        </test-method> <!-- setUpClass -->
        <test-method signature="runScenario(io.cucumber.testng.PickleWrapper,io.cucumber.testng.FeatureWrapper)[pri:0, instance:CucumberOptions.TestRunnerTestNg@58cbafc2]" started-at="2022-09-05T10:34:19 IST" name="runScenario" description="Runs Cucumber Scenarios" data-provider="scenarios" finished-at="2022-09-05T10:34:41 IST" duration-ms="21903" status="PASS">
          <params>
            <param index="0">
              <value>
                <![CDATA["Home page with three sliders"]]>
              </value>
            </param>
            <param index="1">
              <value>
                <![CDATA["Automation website"]]>
              </value>
            </param>
          </params>
          <reporter-output>
          </reporter-output>
        </test-method> <!-- runScenario -->
        <test-method is-config="true" signature="tearDownClass()[pri:0, instance:CucumberOptions.TestRunnerTestNg@58cbafc2]" started-at="2022-09-05T10:34:41 IST" name="tearDownClass" finished-at="2022-09-05T10:34:41 IST" duration-ms="17" status="PASS">
          <reporter-output>
          </reporter-output>
        </test-method> <!-- tearDownClass -->
      </class> <!-- CucumberOptions.TestRunnerTestNg -->
    </test> <!-- Default test -->
  </suite> <!-- Default suite -->
</testng-results>
