<?xml version="1.0" encoding="UTF-8"?>
<!-- Generated by org.testng.reporters.JUnitReportReporter -->
<testsuite hostname="HPXclusive-PC" failures="0" tests="1" name="CucumberOptions.TestNgTestRunner" time="0.904" errors="1" timestamp="2022-08-07T13:22:03 IST" skipped="0">
  <testcase classname="CucumberOptions.TestNgTestRunner" name="runScenario" time="0.904">
    <error message="The driver executable must exist: C:\Users\HP Xclusive\eclipse-workspace\CucuberFramework\https:\rahulshettyacademy.com\seleniumPractise" type="java.lang.IllegalStateException">
      <![CDATA[java.lang.IllegalStateException: The driver executable must exist: C:\Users\HP Xclusive\eclipse-workspace\CucuberFramework\https:\rahulshettyacademy.com\seleniumPractise
at org.openqa.selenium.internal.Require$FileStateChecker.isFile(Require.java:342)
at org.openqa.selenium.remote.service.DriverService.checkExecutable(DriverService.java:147)
at org.openqa.selenium.remote.service.DriverService.findExecutable(DriverService.java:142)
at org.openqa.selenium.chrome.ChromeDriverService.access$000(ChromeDriverService.java:39)
at org.openqa.selenium.chrome.ChromeDriverService$Builder.findDefaultExecutable(ChromeDriverService.java:233)
at org.openqa.selenium.remote.service.DriverService$Builder.build(DriverService.java:437)
at org.openqa.selenium.chrome.ChromeDriverService.createDefaultService(ChromeDriverService.java:128)
at org.openqa.selenium.chrome.ChromeDriver.<init>(ChromeDriver.java:49)
at stepDefinations.GreenCart.user_is_on_green_cart_landing_page(GreenCart.java:25)
at ✽.User is on GreenCart landing page(file:///C:/Users/HP%20Xclusive/eclipse-workspace/CucuberFramework/src/test/java/features/searchProduct.feature:5)
]]>
    </error>
  </testcase> <!-- runScenario -->
  <system-out/>
</testsuite> <!-- CucumberOptions.TestNgTestRunner -->
