<?xml version="1.0" encoding="UTF-8"?>
<testng-results ignored="0" total="1" passed="0" failed="1" skipped="0">
  <reporter-output>
  </reporter-output>
  <suite started-at="2022-08-07T13:22:00 IST" name="Default suite" finished-at="2022-08-07T13:22:02 IST" duration-ms="1888">
    <groups>
      <group name="cucumber">
        <method signature="AbstractTestNGCucumberTests.runScenario(io.cucumber.testng.PickleWrapper,io.cucumber.testng.FeatureWrapper)[pri:0, instance:CucumberOptions.TestNgTestRunner@53fb3dab]" name="runScenario" class="io.cucumber.testng.AbstractTestNGCucumberTests"/>
      </group> <!-- cucumber -->
    </groups>
    <test started-at="2022-08-07T13:22:00 IST" name="Default test" finished-at="2022-08-07T13:22:02 IST" duration-ms="1888">
      <class name="CucumberOptions.TestNgTestRunner">
        <test-method is-config="true" signature="setUpClass(org.testng.ITestContext)[pri:0, instance:CucumberOptions.TestNgTestRunner@53fb3dab]" started-at="2022-08-07T13:22:00 IST" name="setUpClass" finished-at="2022-08-07T13:22:01 IST" duration-ms="751" status="PASS">
          <params>
            <param index="0">
              <value>
                <![CDATA[org.testng.TestRunner@1d9bec4d]]>
              </value>
            </param>
          </params>
          <reporter-output>
          </reporter-output>
        </test-method> <!-- setUpClass -->
        <test-method signature="runScenario(io.cucumber.testng.PickleWrapper,io.cucumber.testng.FeatureWrapper)[pri:0, instance:CucumberOptions.TestNgTestRunner@53fb3dab]" started-at="2022-08-07T13:22:01 IST" name="runScenario" description="Runs Cucumber Scenarios" data-provider="scenarios" finished-at="2022-08-07T13:22:02 IST" duration-ms="904" status="FAIL">
          <params>
            <param index="0">
              <value>
                <![CDATA["Search expirence for the product search in home page and offers page"]]>
              </value>
            </param>
            <param index="1">
              <value>
                <![CDATA["Search and place the order for the products"]]>
              </value>
            </param>
          </params>
          <exception class="java.lang.IllegalStateException">
            <message>
              <![CDATA[The driver executable must exist: C:\Users\HP Xclusive\eclipse-workspace\CucuberFramework\https:\rahulshettyacademy.com\seleniumPractise]]>
            </message>
            <full-stacktrace>
              <![CDATA[java.lang.IllegalStateException: The driver executable must exist: C:\Users\HP Xclusive\eclipse-workspace\CucuberFramework\https:\rahulshettyacademy.com\seleniumPractise
at org.openqa.selenium.internal.Require$FileStateChecker.isFile(Require.java:342)
at org.openqa.selenium.remote.service.DriverService.checkExecutable(DriverService.java:147)
at org.openqa.selenium.remote.service.DriverService.findExecutable(DriverService.java:142)
at org.openqa.selenium.chrome.ChromeDriverService.access$000(ChromeDriverService.java:39)
at org.openqa.selenium.chrome.ChromeDriverService$Builder.findDefaultExecutable(ChromeDriverService.java:233)
at org.openqa.selenium.remote.service.DriverService$Builder.build(DriverService.java:437)
at org.openqa.selenium.chrome.ChromeDriverService.createDefaultService(ChromeDriverService.java:128)
at org.openqa.selenium.chrome.ChromeDriver.<init>(ChromeDriver.java:49)
at stepDefinations.GreenCart.user_is_on_green_cart_landing_page(GreenCart.java:25)
at ✽.User is on GreenCart landing page(file:///C:/Users/HP%20Xclusive/eclipse-workspace/CucuberFramework/src/test/java/features/searchProduct.feature:5)
]]>
            </full-stacktrace>
          </exception> <!-- java.lang.IllegalStateException -->
          <reporter-output>
          </reporter-output>
        </test-method> <!-- runScenario -->
        <test-method is-config="true" signature="tearDownClass()[pri:0, instance:CucumberOptions.TestNgTestRunner@53fb3dab]" started-at="2022-08-07T13:22:02 IST" name="tearDownClass" finished-at="2022-08-07T13:22:02 IST" duration-ms="72" status="PASS">
          <reporter-output>
          </reporter-output>
        </test-method> <!-- tearDownClass -->
      </class> <!-- CucumberOptions.TestNgTestRunner -->
    </test> <!-- Default test -->
  </suite> <!-- Default suite -->
</testng-results>
